# JRE version: OpenJDK Runtime Environment (21.0.8) (build 21.0.8+-14196175-b1038.72)
# Java VM: OpenJDK 64-Bit Server VM (21.0.8+-14196175-b1038.72, mixed mode, tiered, compressed oops, compressed class ptrs, g1 gc, windows-amd64)
GC Precious Log:
 CardTable entry size: 512
 Card Set container configuration: InlinePtr #cards 4 size 8 Array Of Cards #cards 16 size 48 Howl #buckets 8 coarsen threshold 3686 Howl Bitmap #cards 512 size 80 coarsen threshold 460 Card regions per heap region 1 cards per card region 4096
 CPUs: 12 total, 12 available
 Memory: 16213M
 Large Page Support: Disabled
 NUMA Support: Disabled
 Compressed Oops: Enabled (Zero based)
 Heap Region Size: 2M
 Heap Min Capacity: 8M
 Heap Initial Capacity: 254M
 Heap Max Capacity: 4054M
 Pre-touch: Disabled
 Parallel Workers: 10
 Concurrent Workers: 3
 Concurrent Refinement Workers: 10
 Periodic GC: Disabled
Heap:
 garbage-first heap   total 151552K, used 46568K [0x0000000702a00000, 0x0000000800000000)
  region size 2048K, 12 young (24576K), 6 survivors (12288K)
 Metaspace       used 58262K, committed 58560K, reserved 1114112K
  class space    used 6920K, committed 7040K, reserved 1048576K
GC Heap History (16 events):
Event: 1.227 GC heap before
{Heap before GC invocations=0 (full 0):
 garbage-first heap   total 260096K, used 24576K [0x0000000702a00000, 0x0000000800000000)
  region size 2048K, 11 young (22528K), 0 survivors (0K)
 Metaspace       used 13632K, committed 13760K, reserved 1114112K
  class space    used 1290K, committed 1344K, reserved 1048576K
}
Event: 1.234 GC heap after
{Heap after GC invocations=1 (full 0):
 garbage-first heap   total 260096K, used 7027K [0x0000000702a00000, 0x0000000800000000)
  region size 2048K, 2 young (4096K), 2 survivors (4096K)
 Metaspace       used 13632K, committed 13760K, reserved 1114112K
  class space    used 1290K, committed 1344K, reserved 1048576K
}
Event: 2.471 GC heap before
{Heap before GC invocations=1 (full 0):
 garbage-first heap   total 260096K, used 33651K [0x0000000702a00000, 0x0000000800000000)
  region size 2048K, 17 young (34816K), 2 survivors (4096K)
 Metaspace       used 21393K, committed 21504K, reserved 1114112K
  class space    used 2348K, committed 2432K, reserved 1048576K
}
Event: 2.482 GC heap after
{Heap after GC invocations=2 (full 0):
 garbage-first heap   total 260096K, used 10085K [0x0000000702a00000, 0x0000000800000000)
  region size 2048K, 3 young (6144K), 3 survivors (6144K)
 Metaspace       used 21393K, committed 21504K, reserved 1114112K
  class space    used 2348K, committed 2432K, reserved 1048576K
}
Event: 3.560 GC heap before
{Heap before GC invocations=3 (full 0):
 garbage-first heap   total 34816K, used 34661K [0x0000000702a00000, 0x0000000800000000)
  region size 2048K, 15 young (30720K), 3 survivors (6144K)
 Metaspace       used 30511K, committed 30784K, reserved 1114112K
  class space    used 3932K, committed 4032K, reserved 1048576K
}
Event: 3.571 GC heap after
{Heap after GC invocations=4 (full 0):
 garbage-first heap   total 43008K, used 11231K [0x0000000702a00000, 0x0000000800000000)
  region size 2048K, 4 young (8192K), 4 survivors (8192K)
 Metaspace       used 30511K, committed 30784K, reserved 1114112K
  class space    used 3932K, committed 4032K, reserved 1048576K
}
Event: 4.102 GC heap before
{Heap before GC invocations=4 (full 0):
 garbage-first heap   total 43008K, used 27615K [0x0000000702a00000, 0x0000000800000000)
  region size 2048K, 12 young (24576K), 4 survivors (8192K)
 Metaspace       used 32090K, committed 32384K, reserved 1114112K
  class space    used 4142K, committed 4288K, reserved 1048576K
}
Event: 4.121 GC heap after
{Heap after GC invocations=5 (full 0):
 garbage-first heap   total 43008K, used 15497K [0x0000000702a00000, 0x0000000800000000)
  region size 2048K, 2 young (4096K), 2 survivors (4096K)
 Metaspace       used 32090K, committed 32384K, reserved 1114112K
  class space    used 4142K, committed 4288K, reserved 1048576K
}
Event: 4.662 GC heap before
{Heap before GC invocations=5 (full 0):
 garbage-first heap   total 43008K, used 27785K [0x0000000702a00000, 0x0000000800000000)
  region size 2048K, 9 young (18432K), 2 survivors (4096K)
 Metaspace       used 35753K, committed 35968K, reserved 1114112K
  class space    used 4553K, committed 4672K, reserved 1048576K
}
Event: 4.679 GC heap after
{Heap after GC invocations=6 (full 0):
 garbage-first heap   total 43008K, used 17045K [0x0000000702a00000, 0x0000000800000000)
  region size 2048K, 1 young (2048K), 1 survivors (2048K)
 Metaspace       used 35753K, committed 35968K, reserved 1114112K
  class space    used 4553K, committed 4672K, reserved 1048576K
}
Event: 5.097 GC heap before
{Heap before GC invocations=7 (full 0):
 garbage-first heap   total 43008K, used 33429K [0x0000000702a00000, 0x0000000800000000)
  region size 2048K, 9 young (18432K), 1 survivors (2048K)
 Metaspace       used 38737K, committed 38976K, reserved 1114112K
  class space    used 4898K, committed 4992K, reserved 1048576K
}
Event: 5.111 GC heap after
{Heap after GC invocations=8 (full 0):
 garbage-first heap   total 43008K, used 19039K [0x0000000702a00000, 0x0000000800000000)
  region size 2048K, 2 young (4096K), 2 survivors (4096K)
 Metaspace       used 38737K, committed 38976K, reserved 1114112K
  class space    used 4898K, committed 4992K, reserved 1048576K
}
Event: 5.441 GC heap before
{Heap before GC invocations=8 (full 0):
 garbage-first heap   total 43008K, used 31327K [0x0000000702a00000, 0x0000000800000000)
  region size 2048K, 9 young (18432K), 2 survivors (4096K)
 Metaspace       used 40941K, committed 41216K, reserved 1114112K
  class space    used 5127K, committed 5248K, reserved 1048576K
}
Event: 5.453 GC heap after
{Heap after GC invocations=9 (full 0):
 garbage-first heap   total 151552K, used 21139K [0x0000000702a00000, 0x0000000800000000)
  region size 2048K, 1 young (2048K), 1 survivors (2048K)
 Metaspace       used 40941K, committed 41216K, reserved 1114112K
  class space    used 5127K, committed 5248K, reserved 1048576K
}
Event: 8.378 GC heap before
{Heap before GC invocations=9 (full 0):
 garbage-first heap   total 151552K, used 105107K [0x0000000702a00000, 0x0000000800000000)
  region size 2048K, 43 young (88064K), 1 survivors (2048K)
 Metaspace       used 55441K, committed 55680K, reserved 1114112K
  class space    used 6616K, committed 6720K, reserved 1048576K
}
Event: 8.415 GC heap after
{Heap after GC invocations=10 (full 0):
 garbage-first heap   total 151552K, used 36328K [0x0000000702a00000, 0x0000000800000000)
  region size 2048K, 6 young (12288K), 6 survivors (12288K)
 Metaspace       used 55441K, committed 55680K, reserved 1114112K
  class space    used 6616K, committed 6720K, reserved 1048576K
}

