# JRE version: OpenJDK Runtime Environment (21.0.8) (build 21.0.8+-14196175-b1038.72)
# Java VM: OpenJDK 64-Bit Server VM (21.0.8+-14196175-b1038.72, mixed mode, tiered, compressed oops, compressed class ptrs, g1 gc, windows-amd64)
GC Precious Log:
 CardTable entry size: 512
 Card Set container configuration: InlinePtr #cards 4 size 8 Array Of Cards #cards 32 size 80 Howl #buckets 8 coarsen threshold 7372 Howl Bitmap #cards 1024 size 144 coarsen threshold 921 Card regions per heap region 1 cards per card region 8192
 CPUs: 12 total, 12 available
 Memory: 16213M
 Large Page Support: Disabled
 NUMA Support: Disabled
 Compressed Oops: Enabled (Zero based)
 Heap Region Size: 4M
 Heap Min Capacity: 8M
 Heap Initial Capacity: 256M
 Heap Max Capacity: 8G
 Pre-touch: Disabled
 Parallel Workers: 10
 Concurrent Workers: 3
 Concurrent Refinement Workers: 10
 Periodic GC: Disabled
Heap:
 garbage-first heap   total 409600K, used 269030K [0x0000000600000000, 0x0000000800000000)
  region size 4096K, 8 young (32768K), 3 survivors (12288K)
 Metaspace       used 134843K, committed 137408K, reserved 1179648K
  class space    used 19006K, committed 20224K, reserved 1048576K
GC Heap History (20 events):
Event: 29.133 GC heap before
{Heap before GC invocations=48 (full 0):
 garbage-first heap   total 299008K, used 252556K [0x0000000600000000, 0x0000000800000000)
  region size 4096K, 30 young (122880K), 5 survivors (20480K)
 Metaspace       used 123510K, committed 125824K, reserved 1179648K
  class space    used 17484K, committed 18624K, reserved 1048576K
}
Event: 29.148 GC heap after
{Heap after GC invocations=49 (full 0):
 garbage-first heap   total 299008K, used 159936K [0x0000000600000000, 0x0000000800000000)
  region size 4096K, 2 young (8192K), 2 survivors (8192K)
 Metaspace       used 123510K, committed 125824K, reserved 1179648K
  class space    used 17484K, committed 18624K, reserved 1048576K
}
Event: 30.214 GC heap before
{Heap before GC invocations=49 (full 0):
 garbage-first heap   total 299008K, used 262336K [0x0000000600000000, 0x0000000800000000)
  region size 4096K, 27 young (110592K), 2 survivors (8192K)
 Metaspace       used 123923K, committed 126336K, reserved 1179648K
  class space    used 17542K, committed 18688K, reserved 1048576K
}
Event: 30.230 GC heap after
{Heap after GC invocations=50 (full 0):
 garbage-first heap   total 299008K, used 175402K [0x0000000600000000, 0x0000000800000000)
  region size 4096K, 4 young (16384K), 4 survivors (16384K)
 Metaspace       used 123923K, committed 126336K, reserved 1179648K
  class space    used 17542K, committed 18688K, reserved 1048576K
}
Event: 30.952 GC heap before
{Heap before GC invocations=50 (full 0):
 garbage-first heap   total 299008K, used 261418K [0x0000000600000000, 0x0000000800000000)
  region size 4096K, 25 young (102400K), 4 survivors (16384K)
 Metaspace       used 124119K, committed 126528K, reserved 1179648K
  class space    used 17569K, committed 18752K, reserved 1048576K
}
Event: 30.966 GC heap after
{Heap after GC invocations=51 (full 0):
 garbage-first heap   total 380928K, used 186866K [0x0000000600000000, 0x0000000800000000)
  region size 4096K, 4 young (16384K), 4 survivors (16384K)
 Metaspace       used 124119K, committed 126528K, reserved 1179648K
  class space    used 17569K, committed 18752K, reserved 1048576K
}
Event: 32.556 GC heap before
{Heap before GC invocations=52 (full 0):
 garbage-first heap   total 380928K, used 326130K [0x0000000600000000, 0x0000000800000000)
  region size 4096K, 39 young (159744K), 4 survivors (16384K)
 Metaspace       used 124315K, committed 126720K, reserved 1179648K
  class space    used 17584K, committed 18752K, reserved 1048576K
}
Event: 32.567 GC heap after
{Heap after GC invocations=53 (full 0):
 garbage-first heap   total 380928K, used 193366K [0x0000000600000000, 0x0000000800000000)
  region size 4096K, 3 young (12288K), 3 survivors (12288K)
 Metaspace       used 124315K, committed 126720K, reserved 1179648K
  class space    used 17584K, committed 18752K, reserved 1048576K
}
Event: 33.430 GC heap before
{Heap before GC invocations=53 (full 0):
 garbage-first heap   total 380928K, used 332630K [0x0000000600000000, 0x0000000800000000)
  region size 4096K, 38 young (155648K), 3 survivors (12288K)
 Metaspace       used 124649K, committed 127104K, reserved 1179648K
  class space    used 17637K, committed 18816K, reserved 1048576K
}
Event: 33.453 GC heap after
{Heap after GC invocations=54 (full 0):
 garbage-first heap   total 380928K, used 202865K [0x0000000600000000, 0x0000000800000000)
  region size 4096K, 5 young (20480K), 5 survivors (20480K)
 Metaspace       used 124649K, committed 127104K, reserved 1179648K
  class space    used 17637K, committed 18816K, reserved 1048576K
}
Event: 34.291 GC heap before
{Heap before GC invocations=54 (full 0):
 garbage-first heap   total 380928K, used 329841K [0x0000000600000000, 0x0000000800000000)
  region size 4096K, 37 young (151552K), 5 survivors (20480K)
 Metaspace       used 125001K, committed 127488K, reserved 1179648K
  class space    used 17675K, committed 18880K, reserved 1048576K
}
Event: 34.309 GC heap after
{Heap after GC invocations=55 (full 0):
 garbage-first heap   total 380928K, used 213365K [0x0000000600000000, 0x0000000800000000)
  region size 4096K, 3 young (12288K), 3 survivors (12288K)
 Metaspace       used 125001K, committed 127488K, reserved 1179648K
  class space    used 17675K, committed 18880K, reserved 1048576K
}
Event: 35.033 GC heap before
{Heap before GC invocations=56 (full 0):
 garbage-first heap   total 380928K, used 332149K [0x0000000600000000, 0x0000000800000000)
  region size 4096K, 33 young (135168K), 3 survivors (12288K)
 Metaspace       used 125181K, committed 127680K, reserved 1179648K
  class space    used 17700K, committed 18880K, reserved 1048576K
}
Event: 35.048 GC heap after
{Heap after GC invocations=57 (full 0):
 garbage-first heap   total 380928K, used 224343K [0x0000000600000000, 0x0000000800000000)
  region size 4096K, 4 young (16384K), 4 survivors (16384K)
 Metaspace       used 125181K, committed 127680K, reserved 1179648K
  class space    used 17700K, committed 18880K, reserved 1048576K
}
Event: 36.060 GC heap before
{Heap before GC invocations=57 (full 0):
 garbage-first heap   total 380928K, used 330839K [0x0000000600000000, 0x0000000800000000)
  region size 4096K, 31 young (126976K), 4 survivors (16384K)
 Metaspace       used 128402K, committed 130944K, reserved 1179648K
  class space    used 18210K, committed 19392K, reserved 1048576K
}
Event: 36.076 GC heap after
{Heap after GC invocations=58 (full 0):
 garbage-first heap   total 380928K, used 227466K [0x0000000600000000, 0x0000000800000000)
  region size 4096K, 3 young (12288K), 3 survivors (12288K)
 Metaspace       used 128402K, committed 130944K, reserved 1179648K
  class space    used 18210K, committed 19392K, reserved 1048576K
}
Event: 37.896 GC heap before
{Heap before GC invocations=58 (full 0):
 garbage-first heap   total 380928K, used 333962K [0x0000000600000000, 0x0000000800000000)
  region size 4096K, 30 young (122880K), 3 survivors (12288K)
 Metaspace       used 133506K, committed 136064K, reserved 1179648K
  class space    used 18806K, committed 20032K, reserved 1048576K
}
Event: 37.919 GC heap after
{Heap after GC invocations=59 (full 0):
 garbage-first heap   total 380928K, used 243556K [0x0000000600000000, 0x0000000800000000)
  region size 4096K, 4 young (16384K), 4 survivors (16384K)
 Metaspace       used 133506K, committed 136064K, reserved 1179648K
  class space    used 18806K, committed 20032K, reserved 1048576K
}
Event: 39.067 GC heap before
{Heap before GC invocations=60 (full 0):
 garbage-first heap   total 409600K, used 337764K [0x0000000600000000, 0x0000000800000000)
  region size 4096K, 28 young (114688K), 4 survivors (16384K)
 Metaspace       used 134443K, committed 136960K, reserved 1179648K
  class space    used 18948K, committed 20160K, reserved 1048576K
}
Event: 39.087 GC heap after
{Heap after GC invocations=61 (full 0):
 garbage-first heap   total 409600K, used 252646K [0x0000000600000000, 0x0000000800000000)
  region size 4096K, 3 young (12288K), 3 survivors (12288K)
 Metaspace       used 134443K, committed 136960K, reserved 1179648K
  class space    used 18948K, committed 20160K, reserved 1048576K
}

