# JRE version: OpenJDK Runtime Environment (21.0.8) (build 21.0.8+-14196175-b1038.72)
# Java VM: OpenJDK 64-Bit Server VM (21.0.8+-14196175-b1038.72, mixed mode, tiered, compressed oops, compressed class ptrs, g1 gc, windows-amd64)
GC Precious Log:
 CardTable entry size: 512
 Card Set container configuration: InlinePtr #cards 4 size 8 Array Of Cards #cards 16 size 48 Howl #buckets 8 coarsen threshold 3686 Howl Bitmap #cards 512 size 80 coarsen threshold 460 Card regions per heap region 1 cards per card region 4096
 CPUs: 12 total, 12 available
 Memory: 16213M
 Large Page Support: Disabled
 NUMA Support: Disabled
 Compressed Oops: Enabled (Zero based)
 Heap Region Size: 2M
 Heap Min Capacity: 8M
 Heap Initial Capacity: 254M
 Heap Max Capacity: 4054M
 Pre-touch: Disabled
 Parallel Workers: 10
 Concurrent Workers: 3
 Concurrent Refinement Workers: 10
 Periodic GC: Disabled
Heap:
 garbage-first heap   total 151552K, used 49648K [0x0000000702a00000, 0x0000000800000000)
  region size 2048K, 15 young (30720K), 6 survivors (12288K)
 Metaspace       used 55881K, committed 56128K, reserved 1114112K
  class space    used 6641K, committed 6784K, reserved 1048576K
GC Heap History (16 events):
Event: 1.113 GC heap before
{Heap before GC invocations=0 (full 0):
 garbage-first heap   total 260096K, used 24576K [0x0000000702a00000, 0x0000000800000000)
  region size 2048K, 11 young (22528K), 0 survivors (0K)
 Metaspace       used 13635K, committed 13760K, reserved 1114112K
  class space    used 1290K, committed 1344K, reserved 1048576K
}
Event: 1.121 GC heap after
{Heap after GC invocations=1 (full 0):
 garbage-first heap   total 260096K, used 7080K [0x0000000702a00000, 0x0000000800000000)
  region size 2048K, 2 young (4096K), 2 survivors (4096K)
 Metaspace       used 13635K, committed 13760K, reserved 1114112K
  class space    used 1290K, committed 1344K, reserved 1048576K
}
Event: 1.935 GC heap before
{Heap before GC invocations=1 (full 0):
 garbage-first heap   total 260096K, used 33704K [0x0000000702a00000, 0x0000000800000000)
  region size 2048K, 17 young (34816K), 2 survivors (4096K)
 Metaspace       used 21328K, committed 21504K, reserved 1114112K
  class space    used 2336K, committed 2432K, reserved 1048576K
}
Event: 1.941 GC heap after
{Heap after GC invocations=2 (full 0):
 garbage-first heap   total 260096K, used 9918K [0x0000000702a00000, 0x0000000800000000)
  region size 2048K, 3 young (6144K), 3 survivors (6144K)
 Metaspace       used 21328K, committed 21504K, reserved 1114112K
  class space    used 2336K, committed 2432K, reserved 1048576K
}
Event: 2.791 GC heap before
{Heap before GC invocations=3 (full 0):
 garbage-first heap   total 34816K, used 34494K [0x0000000702a00000, 0x0000000800000000)
  region size 2048K, 15 young (30720K), 3 survivors (6144K)
 Metaspace       used 30424K, committed 30592K, reserved 1114112K
  class space    used 3926K, committed 3968K, reserved 1048576K
}
Event: 2.808 GC heap after
{Heap after GC invocations=4 (full 0):
 garbage-first heap   total 43008K, used 11429K [0x0000000702a00000, 0x0000000800000000)
  region size 2048K, 4 young (8192K), 4 survivors (8192K)
 Metaspace       used 30424K, committed 30592K, reserved 1114112K
  class space    used 3926K, committed 3968K, reserved 1048576K
}
Event: 3.201 GC heap before
{Heap before GC invocations=4 (full 0):
 garbage-first heap   total 43008K, used 27813K [0x0000000702a00000, 0x0000000800000000)
  region size 2048K, 12 young (24576K), 4 survivors (8192K)
 Metaspace       used 32108K, committed 32384K, reserved 1114112K
  class space    used 4147K, committed 4288K, reserved 1048576K
}
Event: 3.221 GC heap after
{Heap after GC invocations=5 (full 0):
 garbage-first heap   total 43008K, used 15077K [0x0000000702a00000, 0x0000000800000000)
  region size 2048K, 2 young (4096K), 2 survivors (4096K)
 Metaspace       used 32108K, committed 32384K, reserved 1114112K
  class space    used 4147K, committed 4288K, reserved 1048576K
}
Event: 3.641 GC heap before
{Heap before GC invocations=5 (full 0):
 garbage-first heap   total 43008K, used 29413K [0x0000000702a00000, 0x0000000800000000)
  region size 2048K, 10 young (20480K), 2 survivors (4096K)
 Metaspace       used 35537K, committed 35776K, reserved 1114112K
  class space    used 4534K, committed 4672K, reserved 1048576K
}
Event: 3.656 GC heap after
{Heap after GC invocations=6 (full 0):
 garbage-first heap   total 43008K, used 18956K [0x0000000702a00000, 0x0000000800000000)
  region size 2048K, 2 young (4096K), 2 survivors (4096K)
 Metaspace       used 35537K, committed 35776K, reserved 1114112K
  class space    used 4534K, committed 4672K, reserved 1048576K
}
Event: 3.680 GC heap before
{Heap before GC invocations=6 (full 0):
 garbage-first heap   total 43008K, used 18956K [0x0000000702a00000, 0x0000000800000000)
  region size 2048K, 3 young (6144K), 2 survivors (4096K)
 Metaspace       used 35785K, committed 35968K, reserved 1114112K
  class space    used 4558K, committed 4672K, reserved 1048576K
}
Event: 3.686 GC heap after
{Heap after GC invocations=7 (full 0):
 garbage-first heap   total 43008K, used 19872K [0x0000000702a00000, 0x0000000800000000)
  region size 2048K, 1 young (2048K), 1 survivors (2048K)
 Metaspace       used 35785K, committed 35968K, reserved 1114112K
  class space    used 4558K, committed 4672K, reserved 1048576K
}
Event: 4.070 GC heap before
{Heap before GC invocations=8 (full 0):
 garbage-first heap   total 43008K, used 34208K [0x0000000702a00000, 0x0000000800000000)
  region size 2048K, 8 young (16384K), 1 survivors (2048K)
 Metaspace       used 38697K, committed 38912K, reserved 1114112K
  class space    used 4901K, committed 4992K, reserved 1048576K
}
Event: 4.080 GC heap after
{Heap after GC invocations=9 (full 0):
 garbage-first heap   total 151552K, used 21045K [0x0000000702a00000, 0x0000000800000000)
  region size 2048K, 1 young (2048K), 1 survivors (2048K)
 Metaspace       used 38697K, committed 38912K, reserved 1114112K
  class space    used 4901K, committed 4992K, reserved 1048576K
}
Event: 7.378 GC heap before
{Heap before GC invocations=9 (full 0):
 garbage-first heap   total 151552K, used 107061K [0x0000000702a00000, 0x0000000800000000)
  region size 2048K, 44 young (90112K), 1 survivors (2048K)
 Metaspace       used 55143K, committed 55424K, reserved 1114112K
  class space    used 6590K, committed 6720K, reserved 1048576K
}
Event: 7.416 GC heap after
{Heap after GC invocations=10 (full 0):
 garbage-first heap   total 151552K, used 33264K [0x0000000702a00000, 0x0000000800000000)
  region size 2048K, 6 young (12288K), 6 survivors (12288K)
 Metaspace       used 55143K, committed 55424K, reserved 1114112K
  class space    used 6590K, committed 6720K, reserved 1048576K
}

