# JRE version: OpenJDK Runtime Environment (21.0.8) (build 21.0.8+-14196175-b1038.72)
# Java VM: OpenJDK 64-Bit Server VM (21.0.8+-14196175-b1038.72, mixed mode, tiered, compressed oops, compressed class ptrs, g1 gc, windows-amd64)
GC Precious Log:
 CardTable entry size: 512
 Card Set container configuration: InlinePtr #cards 4 size 8 Array Of Cards #cards 16 size 48 Howl #buckets 8 coarsen threshold 3686 Howl Bitmap #cards 512 size 80 coarsen threshold 460 Card regions per heap region 1 cards per card region 4096
 CPUs: 12 total, 12 available
 Memory: 16213M
 Large Page Support: Disabled
 NUMA Support: Disabled
 Compressed Oops: Enabled (Zero based)
 Heap Region Size: 2M
 Heap Min Capacity: 8M
 Heap Initial Capacity: 254M
 Heap Max Capacity: 4054M
 Pre-touch: Disabled
 Parallel Workers: 10
 Concurrent Workers: 3
 Concurrent Refinement Workers: 10
 Periodic GC: Disabled
Heap:
 garbage-first heap   total 151552K, used 39907K [0x0000000702a00000, 0x0000000800000000)
  region size 2048K, 11 young (22528K), 1 survivors (2048K)
 Metaspace       used 46601K, committed 46848K, reserved 1114112K
  class space    used 5687K, committed 5824K, reserved 1048576K
GC Heap History (14 events):
Event: 0.992 GC heap before
{Heap before GC invocations=0 (full 0):
 garbage-first heap   total 260096K, used 24576K [0x0000000702a00000, 0x0000000800000000)
  region size 2048K, 11 young (22528K), 0 survivors (0K)
 Metaspace       used 13642K, committed 13760K, reserved 1114112K
  class space    used 1290K, committed 1344K, reserved 1048576K
}
Event: 1.129 GC heap after
{Heap after GC invocations=1 (full 0):
 garbage-first heap   total 260096K, used 6996K [0x0000000702a00000, 0x0000000800000000)
  region size 2048K, 2 young (4096K), 2 survivors (4096K)
 Metaspace       used 13642K, committed 13760K, reserved 1114112K
  class space    used 1290K, committed 1344K, reserved 1048576K
}
Event: 1.903 GC heap before
{Heap before GC invocations=1 (full 0):
 garbage-first heap   total 260096K, used 33620K [0x0000000702a00000, 0x0000000800000000)
  region size 2048K, 17 young (34816K), 2 survivors (4096K)
 Metaspace       used 21320K, committed 21504K, reserved 1114112K
  class space    used 2331K, committed 2432K, reserved 1048576K
}
Event: 1.910 GC heap after
{Heap after GC invocations=2 (full 0):
 garbage-first heap   total 260096K, used 9796K [0x0000000702a00000, 0x0000000800000000)
  region size 2048K, 3 young (6144K), 3 survivors (6144K)
 Metaspace       used 21320K, committed 21504K, reserved 1114112K
  class space    used 2331K, committed 2432K, reserved 1048576K
}
Event: 2.832 GC heap before
{Heap before GC invocations=3 (full 0):
 garbage-first heap   total 34816K, used 34372K [0x0000000702a00000, 0x0000000800000000)
  region size 2048K, 15 young (30720K), 3 survivors (6144K)
 Metaspace       used 30453K, committed 30656K, reserved 1114112K
  class space    used 3925K, committed 3968K, reserved 1048576K
}
Event: 2.844 GC heap after
{Heap after GC invocations=4 (full 0):
 garbage-first heap   total 43008K, used 11617K [0x0000000702a00000, 0x0000000800000000)
  region size 2048K, 4 young (8192K), 4 survivors (8192K)
 Metaspace       used 30453K, committed 30656K, reserved 1114112K
  class space    used 3925K, committed 3968K, reserved 1048576K
}
Event: 3.224 GC heap before
{Heap before GC invocations=4 (full 0):
 garbage-first heap   total 43008K, used 28001K [0x0000000702a00000, 0x0000000800000000)
  region size 2048K, 12 young (24576K), 4 survivors (8192K)
 Metaspace       used 32125K, committed 32384K, reserved 1114112K
  class space    used 4145K, committed 4288K, reserved 1048576K
}
Event: 3.242 GC heap after
{Heap after GC invocations=5 (full 0):
 garbage-first heap   total 43008K, used 15013K [0x0000000702a00000, 0x0000000800000000)
  region size 2048K, 2 young (4096K), 2 survivors (4096K)
 Metaspace       used 32125K, committed 32384K, reserved 1114112K
  class space    used 4145K, committed 4288K, reserved 1048576K
}
Event: 3.977 GC heap before
{Heap before GC invocations=5 (full 0):
 garbage-first heap   total 43008K, used 29349K [0x0000000702a00000, 0x0000000800000000)
  region size 2048K, 10 young (20480K), 2 survivors (4096K)
 Metaspace       used 35779K, committed 35968K, reserved 1114112K
  class space    used 4555K, committed 4672K, reserved 1048576K
}
Event: 3.995 GC heap after
{Heap after GC invocations=6 (full 0):
 garbage-first heap   total 43008K, used 17643K [0x0000000702a00000, 0x0000000800000000)
  region size 2048K, 1 young (2048K), 1 survivors (2048K)
 Metaspace       used 35779K, committed 35968K, reserved 1114112K
  class space    used 4555K, committed 4672K, reserved 1048576K
}
Event: 4.683 GC heap before
{Heap before GC invocations=7 (full 0):
 garbage-first heap   total 43008K, used 34027K [0x0000000702a00000, 0x0000000800000000)
  region size 2048K, 9 young (18432K), 1 survivors (2048K)
 Metaspace       used 38842K, committed 39104K, reserved 1114112K
  class space    used 4907K, committed 4992K, reserved 1048576K
}
Event: 4.694 GC heap after
{Heap after GC invocations=8 (full 0):
 garbage-first heap   total 43008K, used 20102K [0x0000000702a00000, 0x0000000800000000)
  region size 2048K, 2 young (4096K), 2 survivors (4096K)
 Metaspace       used 38842K, committed 39104K, reserved 1114112K
  class space    used 4907K, committed 4992K, reserved 1048576K
}
Event: 5.002 GC heap before
{Heap before GC invocations=8 (full 0):
 garbage-first heap   total 43008K, used 34438K [0x0000000702a00000, 0x0000000800000000)
  region size 2048K, 9 young (18432K), 2 survivors (4096K)
 Metaspace       used 41133K, committed 41344K, reserved 1114112K
  class space    used 5142K, committed 5248K, reserved 1048576K
}
Event: 5.023 GC heap after
{Heap after GC invocations=9 (full 0):
 garbage-first heap   total 151552K, used 21475K [0x0000000702a00000, 0x0000000800000000)
  region size 2048K, 1 young (2048K), 1 survivors (2048K)
 Metaspace       used 41133K, committed 41344K, reserved 1114112K
  class space    used 5142K, committed 5248K, reserved 1048576K
}

